The optmatch package has an academic license. Enter relaxinfo() for more information.

Attaching package: ‘dplyr’

The following objects are masked from ‘package:stats’:

    filter, lag

The following objects are masked from ‘package:base’:

    intersect, setdiff, setequal, union


Attaching package: ‘rlang’

The following object is masked from ‘package:magrittr’:

    set_names


Attaching package: ‘tidyr’

The following object is masked from ‘package:magrittr’:

    extract

********************
Simulation parameters:
N: 2000
Rho: 0.3
p: 10
nsim: 1000
true_mu: X1/3 - 3
nu: 0.2
sigma: 1
tau: 1
full: FALSE
********************
Completed One Simulation
Completed One Simulation
Completed One Simulation
Completed One Simulation
Completed One Simulation
Completed One Simulation
Completed One Simulation
Completed One Simulation
Completed One Simulation
Completed One Simulation
Completed One Simulation
Completed One Simulation
Completed One Simulation
Completed One Simulation
Completed One Simulation
Completed One Simulation
Completed One Simulation
Completed One Simulation
Completed One Simulation
Completed One Simulation
Completed One Simulation
Completed One Simulation
Completed One Simulation
Completed One Simulation
Completed One Simulation
Completed One Simulation
Completed One Simulation
Completed One Simulation
Completed One Simulation
Completed One Simulation
Completed One Simulation
Completed One Simulation
Completed One Simulation
Completed One Simulation
Completed One Simulation
Completed One Simulation
Completed One Simulation
Completed One Simulation
Completed One Simulation
Completed One Simulation
Completed One Simulation
Completed One Simulation
Completed One Simulation
Completed One Simulation
Completed One Simulation
Completed One Simulation
Completed One Simulation
Completed One Simulation
Completed One Simulation
Completed One Simulation
Completed One Simulation
Completed One Simulation
Completed One Simulation
Completed One Simulation
Completed One Simulation
Completed One Simulation
Completed One Simulation
Completed One Simulation
Completed One Simulation
Completed One Simulation
Completed One Simulation
Completed One Simulation
Completed One Simulation
Completed One Simulation
Completed One Simulation
Completed One Simulation
Completed One Simulation
Completed One Simulation
Completed One Simulation
Completed One Simulation
Completed One Simulation
Completed One Simulation
Completed One Simulation
Completed One Simulation
Completed One Simulation
Completed One Simulation
Completed One Simulation
Completed One Simulation
Completed One Simulation
Completed One Simulation
Completed One Simulation
Completed One Simulation
Completed One Simulation
Completed One Simulation
Completed One Simulation
Completed One Simulation
Completed One Simulation
Completed One Simulation
Completed One Simulation
Completed One Simulation
Completed One Simulation
Completed One Simulation
Completed One Simulation
Completed One Simulation
Completed One Simulation
Completed One Simulation
Completed One Simulation
Completed One Simulation
Completed One Simulation
Completed One Simulation
Completed One Simulation
Completed One Simulation
Completed One Simulation
Completed One Simulation
Completed One Simulation
Completed One Simulation
Completed One Simulation
Completed One Simulation
Completed One Simulation
Completed One Simulation
Completed One Simulation
Completed One Simulation
Completed One Simulation
Completed One Simulation
Completed One Simulation
Completed One Simulation
Completed One Simulation
Completed One Simulation
Completed One Simulation
Completed One Simulation
Completed One Simulation
Completed One Simulation
Completed One Simulation
Completed One Simulation
Completed One Simulation
Completed One Simulation
Completed One Simulation
Completed One Simulation
Completed One Simulation
Completed One Simulation
Completed One Simulation
Completed One Simulation
Completed One Simulation
Completed One Simulation
Completed One Simulation
Completed One Simulation
Completed One Simulation
Completed One Simulation
Completed One Simulation
Completed One Simulation
Completed One Simulation
Completed One Simulation
Completed One Simulation
Completed One Simulation
Completed One Simulation
Completed One Simulation
Completed One Simulation
Completed One Simulation
Completed One Simulation
Completed One Simulation
Completed One Simulation
Completed One Simulation
Completed One Simulation
Completed One Simulation
Completed One Simulation
Completed One Simulation
Completed One Simulation
Completed One Simulation
Completed One Simulation
Completed One Simulation
Completed One Simulation
Completed One Simulation
Completed One Simulation
Completed One Simulation
Completed One Simulation
Completed One Simulation
Completed One Simulation
Completed One Simulation
Completed One Simulation
Completed One Simulation
Completed One Simulation
Completed One Simulation
Completed One Simulation
Completed One Simulation
Completed One Simulation
Completed One Simulation
Completed One Simulation
Completed One Simulation
Completed One Simulation
Completed One Simulation
Completed One Simulation
Completed One Simulation
Completed One Simulation
Completed One Simulation
Completed One Simulation
Completed One Simulation
Completed One Simulation
Completed One Simulation
Completed One Simulation
Completed One Simulation
Completed One Simulation
Completed One Simulation
Completed One Simulation
Completed One Simulation
Completed One Simulation
Completed One Simulation
Completed One Simulation
Completed One Simulation
Completed One Simulation
Completed One Simulation
Completed One Simulation
Completed One Simulation
Completed One Simulation
Completed One Simulation
Completed One Simulation
Completed One Simulation
Completed One Simulation
Completed One Simulation
Completed One Simulation
Completed One Simulation
Completed One Simulation
Completed One Simulation
Completed One Simulation
Completed One Simulation
Completed One Simulation
Completed One Simulation
Completed One Simulation
Completed One Simulation
Completed One Simulation
Completed One Simulation
Completed One Simulation
Completed One Simulation
Completed One Simulation
Completed One Simulation
Completed One Simulation
Completed One Simulation
Completed One Simulation
Completed One Simulation
Completed One Simulation
Completed One Simulation
Completed One Simulation
Completed One Simulation
Completed One Simulation
Completed One Simulation
Completed One Simulation
Completed One Simulation
Completed One Simulation
Completed One Simulation
Completed One Simulation
Completed One Simulation
Completed One Simulation
Completed One Simulation
Completed One Simulation
Completed One Simulation
Completed One Simulation
Completed One Simulation
Completed One Simulation
Completed One Simulation
Completed One Simulation
Completed One Simulation
Completed One Simulation
Completed One Simulation
Completed One Simulation
Completed One Simulation
Completed One Simulation
Completed One Simulation
Completed One Simulation
Completed One Simulation
Completed One Simulation
Completed One Simulation
Completed One Simulation
Completed One Simulation
Completed One Simulation
Completed One Simulation
Completed One Simulation
Completed One Simulation
Completed One Simulation
Completed One Simulation
Completed One Simulation
Completed One Simulation
Completed One Simulation
Completed One Simulation
Completed One Simulation
Completed One Simulation
Completed One Simulation
Completed One Simulation
Completed One Simulation
Completed One Simulation
Completed One Simulation
Completed One Simulation
Completed One Simulation
Completed One Simulation
Completed One Simulation
Completed One Simulation
Completed One Simulation
Completed One Simulation
Completed One Simulation
Completed One Simulation
Completed One Simulation
Completed One Simulation
Completed One Simulation
Completed One Simulation
Completed One Simulation
Completed One Simulation
Completed One Simulation
Completed One Simulation
Completed One Simulation
Completed One Simulation
Completed One Simulation
Completed One Simulation
Completed One Simulation
Completed One Simulation
Completed One Simulation
Completed One Simulation
Completed One Simulation
Completed One Simulation
Completed One Simulation
Completed One Simulation
Completed One Simulation
Completed One Simulation
Completed One Simulation
Completed One Simulation
Completed One Simulation
Completed One Simulation
Completed One Simulation
Completed One Simulation
Completed One Simulation
Completed One Simulation
Completed One Simulation
Completed One Simulation
Completed One Simulation
Completed One Simulation
Completed One Simulation
Completed One Simulation
Completed One Simulation
Completed One Simulation
Completed One Simulation
Completed One Simulation
Completed One Simulation
Completed One Simulation
Completed One Simulation
Completed One Simulation
Completed One Simulation
Completed One Simulation
Completed One Simulation
Completed One Simulation
Completed One Simulation
Completed One Simulation
Completed One Simulation
Completed One Simulation
Completed One Simulation
Completed One Simulation
Completed One Simulation
Completed One Simulation
Completed One Simulation
Completed One Simulation
Completed One Simulation
Completed One Simulation
Completed One Simulation
Completed One Simulation
Completed One Simulation
Completed One Simulation
Completed One Simulation
Completed One Simulation
Completed One Simulation
Completed One Simulation
Completed One Simulation
Completed One Simulation
Completed One Simulation
Completed One Simulation
Completed One Simulation
Completed One Simulation
Completed One Simulation
Completed One Simulation
Completed One Simulation
Completed One Simulation
Completed One Simulation
Completed One Simulation
Completed One Simulation
Completed One Simulation
Completed One Simulation
Completed One Simulation
Completed One Simulation
Completed One Simulation
Completed One Simulation
Completed One Simulation
Completed One Simulation
Completed One Simulation
Completed One Simulation
Completed One Simulation
Completed One Simulation
Completed One Simulation
Completed One Simulation
Completed One Simulation
Completed One Simulation
Completed One Simulation
Completed One Simulation
Completed One Simulation
Completed One Simulation
Completed One Simulation
Completed One Simulation
Completed One Simulation
Completed One Simulation
Completed One Simulation
Completed One Simulation
Completed One Simulation
Completed One Simulation
Completed One Simulation
Completed One Simulation
Completed One Simulation
Completed One Simulation
Completed One Simulation
Completed One Simulation
Completed One Simulation
Completed One Simulation
Completed One Simulation
Completed One Simulation
Completed One Simulation
Completed One Simulation
Completed One Simulation
Completed One Simulation
Completed One Simulation
Completed One Simulation
Completed One Simulation
Completed One Simulation
Completed One Simulation
Completed One Simulation
Completed One Simulation
Completed One Simulation
Completed One Simulation
Completed One Simulation
Completed One Simulation
Completed One Simulation
Completed One Simulation
Completed One Simulation
Completed One Simulation
Completed One Simulation
Completed One Simulation
Completed One Simulation
Completed One Simulation
Completed One Simulation
Completed One Simulation
Completed One Simulation
Completed One Simulation
Completed One Simulation
Completed One Simulation
Completed One Simulation
Completed One Simulation
Completed One Simulation
Completed One Simulation
Completed One Simulation
Completed One Simulation
Completed One Simulation
Completed One Simulation
Completed One Simulation
Completed One Simulation
Completed One Simulation
Completed One Simulation
Completed One Simulation
Completed One Simulation
Completed One Simulation
Completed One Simulation
Completed One Simulation
Completed One Simulation
Completed One Simulation
Completed One Simulation
Completed One Simulation
Completed One Simulation
Completed One Simulation
Completed One Simulation
Completed One Simulation
Completed One Simulation
Completed One Simulation
Completed One Simulation
Completed One Simulation
Completed One Simulation
Completed One Simulation
Completed One Simulation
Completed One Simulation
Completed One Simulation
Completed One Simulation
Completed One Simulation
Completed One Simulation
Completed One Simulation
Completed One Simulation
Completed One Simulation
Completed One Simulation
Completed One Simulation
Completed One Simulation
Completed One Simulation
Completed One Simulation
Completed One Simulation
Completed One Simulation
Completed One Simulation
Completed One Simulation
Completed One Simulation
Completed One Simulation
Completed One Simulation
Completed One Simulation
Completed One Simulation
Completed One Simulation
Completed One Simulation
Completed One Simulation
Completed One Simulation
Completed One Simulation
Completed One Simulation
Completed One Simulation
Completed One Simulation
Completed One Simulation
Completed One Simulation
Completed One Simulation
Completed One Simulation
Completed One Simulation
Completed One Simulation
Completed One Simulation
Completed One Simulation
Completed One Simulation
Completed One Simulation
Completed One Simulation
Completed One Simulation
Completed One Simulation
Completed One Simulation
Completed One Simulation
Completed One Simulation
Completed One Simulation
Completed One Simulation
Completed One Simulation
Completed One Simulation
Completed One Simulation
Completed One Simulation
Completed One Simulation
Completed One Simulation
Completed One Simulation
Completed One Simulation
Completed One Simulation
Completed One Simulation
Completed One Simulation
Completed One Simulation
Completed One Simulation
Completed One Simulation
Completed One Simulation
Completed One Simulation
Completed One Simulation
Completed One Simulation
Completed One Simulation
Completed One Simulation
Completed One Simulation
Completed One Simulation
Completed One Simulation
Completed One Simulation
Completed One Simulation
Completed One Simulation
Completed One Simulation
Completed One Simulation
Completed One Simulation
Completed One Simulation
Completed One Simulation
Completed One Simulation
Completed One Simulation
Completed One Simulation
Completed One Simulation
Completed One Simulation
Completed One Simulation
Completed One Simulation
Completed One Simulation
Completed One Simulation
Completed One Simulation
Completed One Simulation
Completed One Simulation
Completed One Simulation
Completed One Simulation
Completed One Simulation
Completed One Simulation
Completed One Simulation
Completed One Simulation
Completed One Simulation
Completed One Simulation
Completed One Simulation
Completed One Simulation
Completed One Simulation
Completed One Simulation
Completed One Simulation
Completed One Simulation
Completed One Simulation
Completed One Simulation
Completed One Simulation
Completed One Simulation
Completed One Simulation
Completed One Simulation
Completed One Simulation
Completed One Simulation
Completed One Simulation
Completed One Simulation
Completed One Simulation
Completed One Simulation
Completed One Simulation
Completed One Simulation
Completed One Simulation
Completed One Simulation
Completed One Simulation
Completed One Simulation
Completed One Simulation
Completed One Simulation
Completed One Simulation
Completed One Simulation
Completed One Simulation
Completed One Simulation
Completed One Simulation
Completed One Simulation
Completed One Simulation
Completed One Simulation
Completed One Simulation
Completed One Simulation
Completed One Simulation
Completed One Simulation
Completed One Simulation
Completed One Simulation
Completed One Simulation
Completed One Simulation
Completed One Simulation
Completed One Simulation
Completed One Simulation
Completed One Simulation
Completed One Simulation
Completed One Simulation
Completed One Simulation
Completed One Simulation
Completed One Simulation
Completed One Simulation
Completed One Simulation
Completed One Simulation
Completed One Simulation
Completed One Simulation
Completed One Simulation
Completed One Simulation
Completed One Simulation
Completed One Simulation
Completed One Simulation
Completed One Simulation
Completed One Simulation
Completed One Simulation
Completed One Simulation
Completed One Simulation
Completed One Simulation
Completed One Simulation
Completed One Simulation
Completed One Simulation
Completed One Simulation
Completed One Simulation
Completed One Simulation
Completed One Simulation
Completed One Simulation
Completed One Simulation
Completed One Simulation
Completed One Simulation
Completed One Simulation
Completed One Simulation
Completed One Simulation
Completed One Simulation
Completed One Simulation
Completed One Simulation
Completed One Simulation
Completed One Simulation
Completed One Simulation
Completed One Simulation
Completed One Simulation
Completed One Simulation
Completed One Simulation
Completed One Simulation
Completed One Simulation
Completed One Simulation
Completed One Simulation
Completed One Simulation
Completed One Simulation
Completed One Simulation
Completed One Simulation
Completed One Simulation
Completed One Simulation
Completed One Simulation
Completed One Simulation
Completed One Simulation
Completed One Simulation
Completed One Simulation
Completed One Simulation
Completed One Simulation
Completed One Simulation
Completed One Simulation
Completed One Simulation
Completed One Simulation
Completed One Simulation
Completed One Simulation
Completed One Simulation
Completed One Simulation
Completed One Simulation
Completed One Simulation
Completed One Simulation
Completed One Simulation
Completed One Simulation
Completed One Simulation
Completed One Simulation
Completed One Simulation
Completed One Simulation
Completed One Simulation
Completed One Simulation
Completed One Simulation
Completed One Simulation
Completed One Simulation
Completed One Simulation
Completed One Simulation
Completed One Simulation
Completed One Simulation
Completed One Simulation
Completed One Simulation
Completed One Simulation
Completed One Simulation
Completed One Simulation
Completed One Simulation
Completed One Simulation
Completed One Simulation
Completed One Simulation
Completed One Simulation
Completed One Simulation
Completed One Simulation
Completed One Simulation
Completed One Simulation
Completed One Simulation
Completed One Simulation
Completed One Simulation
Completed One Simulation
Completed One Simulation
Completed One Simulation
Completed One Simulation
Completed One Simulation
Completed One Simulation
Completed One Simulation
Completed One Simulation
Completed One Simulation
Completed One Simulation
Completed One Simulation
Completed One Simulation
Completed One Simulation
Completed One Simulation
Completed One Simulation
Completed One Simulation
Completed One Simulation
Completed One Simulation
Completed One Simulation
Completed One Simulation
Completed One Simulation
Completed One Simulation
Completed One Simulation
Completed One Simulation
Completed One Simulation
Completed One Simulation
Completed One Simulation
Completed One Simulation
Completed One Simulation
Completed One Simulation
Completed One Simulation
Completed One Simulation
Completed One Simulation
Completed One Simulation
Completed One Simulation
Completed One Simulation
Completed One Simulation
Completed One Simulation
Completed One Simulation
Completed One Simulation
Completed One Simulation
Completed One Simulation
Completed One Simulation
Completed One Simulation
Completed One Simulation
Completed One Simulation
Completed One Simulation
Completed One Simulation
Completed One Simulation
Completed One Simulation
Completed One Simulation
Completed One Simulation
Completed One Simulation
Completed One Simulation
Completed One Simulation
Completed One Simulation
Completed One Simulation
Completed One Simulation
Completed One Simulation
Completed One Simulation
Completed One Simulation
Completed One Simulation
Completed One Simulation
Completed One Simulation
Completed One Simulation
Completed One Simulation
Completed One Simulation
Completed One Simulation
Completed One Simulation
Completed One Simulation
Completed One Simulation
Completed One Simulation
Completed One Simulation
Completed One Simulation
Completed One Simulation
Completed One Simulation
Completed One Simulation
Completed One Simulation
Completed One Simulation
Completed One Simulation
Completed One Simulation
Completed One Simulation
Completed One Simulation
Completed One Simulation
Completed One Simulation
Completed One Simulation
Completed One Simulation
Completed One Simulation
Completed One Simulation
Completed One Simulation
Completed One Simulation
Completed One Simulation
Completed One Simulation
Completed One Simulation
Completed One Simulation
Completed One Simulation
Completed One Simulation
Completed One Simulation
Completed One Simulation
Completed One Simulation
Completed One Simulation
Completed One Simulation
Completed One Simulation
Completed One Simulation
Completed One Simulation
Completed One Simulation
Completed One Simulation
Completed One Simulation
Completed One Simulation
Completed One Simulation
Completed One Simulation
Completed One Simulation
Completed One Simulation
Completed One Simulation
Completed One Simulation
Completed One Simulation
Completed One Simulation
Completed One Simulation
Completed One Simulation
Completed One Simulation
Completed One Simulation
Completed One Simulation
Completed One Simulation
Completed One Simulation
Completed One Simulation
Completed One Simulation
Completed One Simulation
Completed One Simulation
Completed One Simulation
Completed One Simulation
Completed One Simulation
Completed One Simulation
Completed One Simulation
Completed One Simulation
Completed One Simulation
Completed One Simulation
Completed One Simulation
Completed One Simulation
Completed One Simulation
Completed One Simulation
Completed One Simulation
Completed One Simulation
Completed One Simulation
Completed One Simulation
Completed One Simulation
Completed One Simulation
Completed One Simulation
Completed One Simulation
Completed One Simulation
Completed One Simulation
Completed One Simulation
Completed One Simulation
Completed One Simulation
Completed One Simulation
Completed One Simulation
Completed One Simulation
Completed One Simulation
Completed One Simulation
Completed One Simulation
Completed One Simulation
Completed One Simulation
Completed One Simulation
Completed One Simulation
Completed One Simulation
Completed One Simulation
Completed One Simulation
Completed One Simulation
Completed One Simulation
Completed One Simulation
Completed One Simulation
Completed One Simulation
Completed One Simulation
Completed One Simulation
Completed One Simulation
Completed One Simulation
Completed One Simulation
Completed One Simulation
Completed One Simulation
Completed One Simulation
Completed One Simulation
Completed One Simulation
Completed One Simulation
Completed One Simulation
Completed One Simulation
Completed One Simulation
Completed One Simulation
Completed One Simulation
Completed One Simulation
Completed One Simulation
Completed One Simulation
Completed One Simulation
Completed One Simulation
Completed One Simulation
Completed One Simulation
Completed One Simulation
Completed One Simulation
Completed One Simulation
Completed One Simulation
Completed One Simulation
Completed One Simulation
Completed One Simulation
Completed One Simulation
Completed One Simulation
Completed One Simulation
Completed One Simulation
Completed One Simulation
Completed One Simulation
Completed One Simulation
Completed One Simulation
Completed One Simulation
Completed One Simulation
Completed One Simulation
Completed One Simulation
Completed One Simulation
Completed One Simulation
Completed One Simulation
Completed One Simulation
Completed One Simulation
Completed One Simulation
Completed One Simulation
Completed One Simulation
Completed One Simulation
Completed One Simulation
Completed One Simulation
Completed One Simulation
Completed One Simulation
Completed One Simulation
Completed One Simulation
Completed One Simulation
Completed One Simulation
Completed One Simulation
Completed One Simulation
Completed One Simulation
Completed One Simulation
Completed One Simulation
Completed One Simulation
Completed One Simulation
Completed One Simulation
Completed One Simulation
Completed One Simulation
Completed One Simulation
Completed One Simulation
Completed One Simulation
Completed One Simulation
Completed One Simulation
Completed One Simulation
Completed One Simulation
Completed One Simulation
Completed One Simulation
Completed One Simulation
Completed One Simulation
Completed One Simulation
Completed One Simulation
Completed One Simulation
Completed One Simulation
Completed One Simulation
Completed One Simulation
Completed One Simulation
Completed One Simulation
Completed One Simulation
Completed One Simulation
Completed One Simulation
Completed One Simulation
Completed One Simulation
Completed One Simulation
Completed One Simulation
Completed One Simulation
Completed One Simulation
Completed One Simulation
Completed One Simulation
Completed One Simulation
Completed One Simulation
Completed One Simulation
Completed One Simulation
Completed One Simulation
Completed One Simulation
Completed One Simulation
Completed One Simulation
Completed One Simulation
Completed One Simulation
Completed One Simulation
Completed One Simulation
********************
Simulations complete:
********************
output file: xSITA_results_3_10_1000_nu_0.2
Time elapsed:
      user     system    elapsed 
 97794.447    104.498 133649.970 
97794.447104.498133649.9700
********************
[1] 1
There were 50 or more warnings (use warnings() to see the first 50)
