The optmatch package has an academic license. Enter relaxinfo() for more information.

Attaching package: ‘dplyr’

The following objects are masked from ‘package:stats’:

    filter, lag

The following objects are masked from ‘package:base’:

    intersect, setdiff, setequal, union


Attaching package: ‘rlang’

The following object is masked from ‘package:magrittr’:

    set_names


Attaching package: ‘tidyr’

The following object is masked from ‘package:magrittr’:

    extract

********************
Simulation parameters:
N: 2000
Rho: 0.2
p: 10
nsim: 1000
true_mu: X1/3 - 3 + 0.2 * nu * U
nu: 1
sigma: 1
tau: 1
full: FALSE
********************
Completed One Simulation
Completed One Simulation
Completed One Simulation
Completed One Simulation
Completed One Simulation
Completed One Simulation
Completed One Simulation
Completed One Simulation
Completed One Simulation
Completed One Simulation
Completed One Simulation
Completed One Simulation
Completed One Simulation
Completed One Simulation
Completed One Simulation
Completed One Simulation
Completed One Simulation
Completed One Simulation
Completed One Simulation
Completed One Simulation
Completed One Simulation
Completed One Simulation
Completed One Simulation
Completed One Simulation
Completed One Simulation
Completed One Simulation
Completed One Simulation
Completed One Simulation
Completed One Simulation
Completed One Simulation
Completed One Simulation
Completed One Simulation
Completed One Simulation
Completed One Simulation
Completed One Simulation
Completed One Simulation
Completed One Simulation
Completed One Simulation
Completed One Simulation
Completed One Simulation
Completed One Simulation
Completed One Simulation
Completed One Simulation
Completed One Simulation
Completed One Simulation
Completed One Simulation
Completed One Simulation
Completed One Simulation
Completed One Simulation
Completed One Simulation
Completed One Simulation
Completed One Simulation
Completed One Simulation
Completed One Simulation
Completed One Simulation
Completed One Simulation
Completed One Simulation
Completed One Simulation
Completed One Simulation
Completed One Simulation
Completed One Simulation
Completed One Simulation
Completed One Simulation
Completed One Simulation
Completed One Simulation
Completed One Simulation
Completed One Simulation
Completed One Simulation
Completed One Simulation
Completed One Simulation
Completed One Simulation
Completed One Simulation
Completed One Simulation
Completed One Simulation
Completed One Simulation
Completed One Simulation
Completed One Simulation
Completed One Simulation
Completed One Simulation
Completed One Simulation
Completed One Simulation
Completed One Simulation
Completed One Simulation
Completed One Simulation
Completed One Simulation
Completed One Simulation
Completed One Simulation
Completed One Simulation
Completed One Simulation
Completed One Simulation
Completed One Simulation
Completed One Simulation
Completed One Simulation
Completed One Simulation
Completed One Simulation
Completed One Simulation
Completed One Simulation
Completed One Simulation
Completed One Simulation
Completed One Simulation
Completed One Simulation
Completed One Simulation
Completed One Simulation
Completed One Simulation
Completed One Simulation
Completed One Simulation
Completed One Simulation
Completed One Simulation
Completed One Simulation
Completed One Simulation
Completed One Simulation
Completed One Simulation
Completed One Simulation
Completed One Simulation
Completed One Simulation
Completed One Simulation
Completed One Simulation
Completed One Simulation
Completed One Simulation
Completed One Simulation
Completed One Simulation
Completed One Simulation
Completed One Simulation
Completed One Simulation
Completed One Simulation
Completed One Simulation
Completed One Simulation
Completed One Simulation
Completed One Simulation
Completed One Simulation
Completed One Simulation
Completed One Simulation
Completed One Simulation
Completed One Simulation
Completed One Simulation
Completed One Simulation
Completed One Simulation
Completed One Simulation
Completed One Simulation
Completed One Simulation
Completed One Simulation
Completed One Simulation
Completed One Simulation
Completed One Simulation
Completed One Simulation
Completed One Simulation
Completed One Simulation
Completed One Simulation
Completed One Simulation
Completed One Simulation
Completed One Simulation
Completed One Simulation
Completed One Simulation
Completed One Simulation
Completed One Simulation
Completed One Simulation
Completed One Simulation
Completed One Simulation
Completed One Simulation
Completed One Simulation
Completed One Simulation
Completed One Simulation
Completed One Simulation
Completed One Simulation
Completed One Simulation
Completed One Simulation
Completed One Simulation
Completed One Simulation
Completed One Simulation
Completed One Simulation
Completed One Simulation
Completed One Simulation
Completed One Simulation
Completed One Simulation
Completed One Simulation
Completed One Simulation
Completed One Simulation
Completed One Simulation
Completed One Simulation
Completed One Simulation
Completed One Simulation
Completed One Simulation
Completed One Simulation
Completed One Simulation
Completed One Simulation
Completed One Simulation
Completed One Simulation
Completed One Simulation
Completed One Simulation
Completed One Simulation
Completed One Simulation
Completed One Simulation
Completed One Simulation
Completed One Simulation
Completed One Simulation
Completed One Simulation
Completed One Simulation
Completed One Simulation
Completed One Simulation
Completed One Simulation
Completed One Simulation
Completed One Simulation
Completed One Simulation
Completed One Simulation
Completed One Simulation
Completed One Simulation
Completed One Simulation
Completed One Simulation
Completed One Simulation
Completed One Simulation
Completed One Simulation
Completed One Simulation
Completed One Simulation
Completed One Simulation
Completed One Simulation
Completed One Simulation
Completed One Simulation
Completed One Simulation
Completed One Simulation
Completed One Simulation
Completed One Simulation
Completed One Simulation
Completed One Simulation
Completed One Simulation
Completed One Simulation
Completed One Simulation
Completed One Simulation
Completed One Simulation
Completed One Simulation
Completed One Simulation
Completed One Simulation
Completed One Simulation
Completed One Simulation
Completed One Simulation
Completed One Simulation
Completed One Simulation
Completed One Simulation
Completed One Simulation
Completed One Simulation
Completed One Simulation
Completed One Simulation
Completed One Simulation
Completed One Simulation
Completed One Simulation
Completed One Simulation
Completed One Simulation
Completed One Simulation
Completed One Simulation
Completed One Simulation
Completed One Simulation
Completed One Simulation
Completed One Simulation
Completed One Simulation
Completed One Simulation
Completed One Simulation
Completed One Simulation
Completed One Simulation
Completed One Simulation
Completed One Simulation
Completed One Simulation
Completed One Simulation
Completed One Simulation
Completed One Simulation
Completed One Simulation
Completed One Simulation
Completed One Simulation
Completed One Simulation
Completed One Simulation
Completed One Simulation
Completed One Simulation
Completed One Simulation
Completed One Simulation
Completed One Simulation
Completed One Simulation
Completed One Simulation
Completed One Simulation
Completed One Simulation
Completed One Simulation
Completed One Simulation
Completed One Simulation
Completed One Simulation
Completed One Simulation
Completed One Simulation
Completed One Simulation
Completed One Simulation
Completed One Simulation
Completed One Simulation
Completed One Simulation
Completed One Simulation
Completed One Simulation
Completed One Simulation
Completed One Simulation
Completed One Simulation
Completed One Simulation
Completed One Simulation
Completed One Simulation
Completed One Simulation
Completed One Simulation
Completed One Simulation
Completed One Simulation
Completed One Simulation
Completed One Simulation
Completed One Simulation
Completed One Simulation
Completed One Simulation
Completed One Simulation
Completed One Simulation
Completed One Simulation
Completed One Simulation
Completed One Simulation
Completed One Simulation
Completed One Simulation
Completed One Simulation
Completed One Simulation
Completed One Simulation
Completed One Simulation
Completed One Simulation
Completed One Simulation
Completed One Simulation
Completed One Simulation
Completed One Simulation
Completed One Simulation
Completed One Simulation
Completed One Simulation
Completed One Simulation
Completed One Simulation
Completed One Simulation
Completed One Simulation
Completed One Simulation
Completed One Simulation
Completed One Simulation
Completed One Simulation
Completed One Simulation
Completed One Simulation
Completed One Simulation
Completed One Simulation
Completed One Simulation
Completed One Simulation
Completed One Simulation
Completed One Simulation
Completed One Simulation
Completed One Simulation
Completed One Simulation
Completed One Simulation
Completed One Simulation
Completed One Simulation
Completed One Simulation
Completed One Simulation
Completed One Simulation
Completed One Simulation
Completed One Simulation
Completed One Simulation
Completed One Simulation
Completed One Simulation
Completed One Simulation
Completed One Simulation
Completed One Simulation
Completed One Simulation
Completed One Simulation
Completed One Simulation
Completed One Simulation
Completed One Simulation
Completed One Simulation
Completed One Simulation
Completed One Simulation
Completed One Simulation
Completed One Simulation
Completed One Simulation
Completed One Simulation
Completed One Simulation
Completed One Simulation
Completed One Simulation
Completed One Simulation
Completed One Simulation
Completed One Simulation
Completed One Simulation
Completed One Simulation
Completed One Simulation
Completed One Simulation
Completed One Simulation
Completed One Simulation
Completed One Simulation
Completed One Simulation
Completed One Simulation
Completed One Simulation
Completed One Simulation
Completed One Simulation
Completed One Simulation
Completed One Simulation
Completed One Simulation
Completed One Simulation
Completed One Simulation
Completed One Simulation
Completed One Simulation
Completed One Simulation
Completed One Simulation
Completed One Simulation
Completed One Simulation
Completed One Simulation
Completed One Simulation
Completed One Simulation
Completed One Simulation
Completed One Simulation
Completed One Simulation
Completed One Simulation
Completed One Simulation
Completed One Simulation
Completed One Simulation
Completed One Simulation
Completed One Simulation
Completed One Simulation
Completed One Simulation
Completed One Simulation
Completed One Simulation
Completed One Simulation
Completed One Simulation
Completed One Simulation
Completed One Simulation
Completed One Simulation
Completed One Simulation
Completed One Simulation
Completed One Simulation
Completed One Simulation
Completed One Simulation
Completed One Simulation
Completed One Simulation
Completed One Simulation
Completed One Simulation
Completed One Simulation
Completed One Simulation
Completed One Simulation
Completed One Simulation
Completed One Simulation
Completed One Simulation
Completed One Simulation
Completed One Simulation
Completed One Simulation
Completed One Simulation
Completed One Simulation
Completed One Simulation
Completed One Simulation
Completed One Simulation
Completed One Simulation
Completed One Simulation
Completed One Simulation
Completed One Simulation
Completed One Simulation
Completed One Simulation
Completed One Simulation
Completed One Simulation
Completed One Simulation
Completed One Simulation
Completed One Simulation
Completed One Simulation
Completed One Simulation
Completed One Simulation
Completed One Simulation
Completed One Simulation
Completed One Simulation
Completed One Simulation
Completed One Simulation
Completed One Simulation
Completed One Simulation
Completed One Simulation
Completed One Simulation
Completed One Simulation
Completed One Simulation
Completed One Simulation
Completed One Simulation
Completed One Simulation
Completed One Simulation
Completed One Simulation
Completed One Simulation
Completed One Simulation
Completed One Simulation
Completed One Simulation
Completed One Simulation
Completed One Simulation
Completed One Simulation
Completed One Simulation
Completed One Simulation
Completed One Simulation
Completed One Simulation
Completed One Simulation
Completed One Simulation
Completed One Simulation
Completed One Simulation
Completed One Simulation
Completed One Simulation
Completed One Simulation
Completed One Simulation
Completed One Simulation
Completed One Simulation
Completed One Simulation
Completed One Simulation
Completed One Simulation
Completed One Simulation
Completed One Simulation
Completed One Simulation
Completed One Simulation
Completed One Simulation
Completed One Simulation
Completed One Simulation
Completed One Simulation
Completed One Simulation
Completed One Simulation
Completed One Simulation
Completed One Simulation
Completed One Simulation
Completed One Simulation
Completed One Simulation
Completed One Simulation
Completed One Simulation
Completed One Simulation
Completed One Simulation
Completed One Simulation
Completed One Simulation
Completed One Simulation
Completed One Simulation
Completed One Simulation
Completed One Simulation
Completed One Simulation
Completed One Simulation
Completed One Simulation
Completed One Simulation
Completed One Simulation
Completed One Simulation
Completed One Simulation
Completed One Simulation
Completed One Simulation
Completed One Simulation
Completed One Simulation
Completed One Simulation
Completed One Simulation
Completed One Simulation
Completed One Simulation
Completed One Simulation
Completed One Simulation
Completed One Simulation
Completed One Simulation
Completed One Simulation
Completed One Simulation
Completed One Simulation
Completed One Simulation
Completed One Simulation
Completed One Simulation
Completed One Simulation
Completed One Simulation
Completed One Simulation
Completed One Simulation
Completed One Simulation
Completed One Simulation
Completed One Simulation
Completed One Simulation
Completed One Simulation
Completed One Simulation
Completed One Simulation
Completed One Simulation
Completed One Simulation
Completed One Simulation
Completed One Simulation
Completed One Simulation
Completed One Simulation
Completed One Simulation
Completed One Simulation
Completed One Simulation
Completed One Simulation
Completed One Simulation
Completed One Simulation
Completed One Simulation
Completed One Simulation
Completed One Simulation
Completed One Simulation
Completed One Simulation
Completed One Simulation
Completed One Simulation
Completed One Simulation
Completed One Simulation
Completed One Simulation
Completed One Simulation
Completed One Simulation
Completed One Simulation
Completed One Simulation
Completed One Simulation
Completed One Simulation
Completed One Simulation
Completed One Simulation
Completed One Simulation
Completed One Simulation
Completed One Simulation
Completed One Simulation
Completed One Simulation
Completed One Simulation
Completed One Simulation
Completed One Simulation
Completed One Simulation
Completed One Simulation
Completed One Simulation
Completed One Simulation
Completed One Simulation
Completed One Simulation
Completed One Simulation
Completed One Simulation
Completed One Simulation
Completed One Simulation
Completed One Simulation
Completed One Simulation
Completed One Simulation
Completed One Simulation
Completed One Simulation
Completed One Simulation
Completed One Simulation
Completed One Simulation
Completed One Simulation
Completed One Simulation
Completed One Simulation
Completed One Simulation
Completed One Simulation
Completed One Simulation
Completed One Simulation
Completed One Simulation
Completed One Simulation
Completed One Simulation
Completed One Simulation
Completed One Simulation
Completed One Simulation
Completed One Simulation
Completed One Simulation
Completed One Simulation
Completed One Simulation
Completed One Simulation
Completed One Simulation
Completed One Simulation
Completed One Simulation
Completed One Simulation
Completed One Simulation
Completed One Simulation
Completed One Simulation
Completed One Simulation
Completed One Simulation
Completed One Simulation
Completed One Simulation
Completed One Simulation
Completed One Simulation
Completed One Simulation
Completed One Simulation
Completed One Simulation
Completed One Simulation
Completed One Simulation
Completed One Simulation
Completed One Simulation
Completed One Simulation
Completed One Simulation
Completed One Simulation
Completed One Simulation
Completed One Simulation
Completed One Simulation
Completed One Simulation
Completed One Simulation
Completed One Simulation
Completed One Simulation
Completed One Simulation
Completed One Simulation
Completed One Simulation
Completed One Simulation
Completed One Simulation
Completed One Simulation
Completed One Simulation
Completed One Simulation
Completed One Simulation
Completed One Simulation
Completed One Simulation
Completed One Simulation
Completed One Simulation
Completed One Simulation
Completed One Simulation
Completed One Simulation
Completed One Simulation
Completed One Simulation
Completed One Simulation
Completed One Simulation
Completed One Simulation
Completed One Simulation
Completed One Simulation
Completed One Simulation
Completed One Simulation
Completed One Simulation
Completed One Simulation
Completed One Simulation
Completed One Simulation
Completed One Simulation
Completed One Simulation
Completed One Simulation
Completed One Simulation
Completed One Simulation
Completed One Simulation
Completed One Simulation
Completed One Simulation
Completed One Simulation
Completed One Simulation
Completed One Simulation
Completed One Simulation
Completed One Simulation
Completed One Simulation
Completed One Simulation
Completed One Simulation
Completed One Simulation
Completed One Simulation
Completed One Simulation
Completed One Simulation
Completed One Simulation
Completed One Simulation
Completed One Simulation
Completed One Simulation
Completed One Simulation
Completed One Simulation
Completed One Simulation
Completed One Simulation
Completed One Simulation
Completed One Simulation
Completed One Simulation
Completed One Simulation
Completed One Simulation
Completed One Simulation
Completed One Simulation
Completed One Simulation
Completed One Simulation
Completed One Simulation
Completed One Simulation
Completed One Simulation
Completed One Simulation
Completed One Simulation
Completed One Simulation
Completed One Simulation
Completed One Simulation
Completed One Simulation
Completed One Simulation
Completed One Simulation
Completed One Simulation
Completed One Simulation
Completed One Simulation
Completed One Simulation
Completed One Simulation
Completed One Simulation
Completed One Simulation
Completed One Simulation
Completed One Simulation
Completed One Simulation
Completed One Simulation
Completed One Simulation
Completed One Simulation
Completed One Simulation
Completed One Simulation
Completed One Simulation
Completed One Simulation
Completed One Simulation
Completed One Simulation
Completed One Simulation
Completed One Simulation
Completed One Simulation
Completed One Simulation
Completed One Simulation
Completed One Simulation
Completed One Simulation
Completed One Simulation
Completed One Simulation
Completed One Simulation
Completed One Simulation
Completed One Simulation
Completed One Simulation
Completed One Simulation
Completed One Simulation
Completed One Simulation
Completed One Simulation
Completed One Simulation
Completed One Simulation
Completed One Simulation
Completed One Simulation
Completed One Simulation
Completed One Simulation
Completed One Simulation
Completed One Simulation
Completed One Simulation
Completed One Simulation
Completed One Simulation
Completed One Simulation
Completed One Simulation
Completed One Simulation
Completed One Simulation
Completed One Simulation
Completed One Simulation
Completed One Simulation
Completed One Simulation
Completed One Simulation
Completed One Simulation
Completed One Simulation
Completed One Simulation
Completed One Simulation
Completed One Simulation
Completed One Simulation
Completed One Simulation
Completed One Simulation
Completed One Simulation
Completed One Simulation
Completed One Simulation
Completed One Simulation
Completed One Simulation
Completed One Simulation
Completed One Simulation
Completed One Simulation
Completed One Simulation
Completed One Simulation
Completed One Simulation
Completed One Simulation
Completed One Simulation
Completed One Simulation
Completed One Simulation
Completed One Simulation
Completed One Simulation
Completed One Simulation
Completed One Simulation
Completed One Simulation
Completed One Simulation
Completed One Simulation
Completed One Simulation
Completed One Simulation
Completed One Simulation
Completed One Simulation
Completed One Simulation
Completed One Simulation
Completed One Simulation
Completed One Simulation
Completed One Simulation
Completed One Simulation
Completed One Simulation
Completed One Simulation
Completed One Simulation
Completed One Simulation
Completed One Simulation
Completed One Simulation
Completed One Simulation
Completed One Simulation
Completed One Simulation
Completed One Simulation
Completed One Simulation
Completed One Simulation
Completed One Simulation
Completed One Simulation
Completed One Simulation
Completed One Simulation
Completed One Simulation
Completed One Simulation
Completed One Simulation
Completed One Simulation
Completed One Simulation
Completed One Simulation
Completed One Simulation
Completed One Simulation
Completed One Simulation
Completed One Simulation
Completed One Simulation
Completed One Simulation
Completed One Simulation
Completed One Simulation
Completed One Simulation
Completed One Simulation
Completed One Simulation
Completed One Simulation
Completed One Simulation
Completed One Simulation
Completed One Simulation
Completed One Simulation
Completed One Simulation
Completed One Simulation
Completed One Simulation
Completed One Simulation
Completed One Simulation
Completed One Simulation
Completed One Simulation
Completed One Simulation
Completed One Simulation
Completed One Simulation
Completed One Simulation
Completed One Simulation
Completed One Simulation
Completed One Simulation
Completed One Simulation
Completed One Simulation
Completed One Simulation
Completed One Simulation
Completed One Simulation
Completed One Simulation
Completed One Simulation
Completed One Simulation
Completed One Simulation
Completed One Simulation
Completed One Simulation
Completed One Simulation
Completed One Simulation
Completed One Simulation
Completed One Simulation
Completed One Simulation
Completed One Simulation
Completed One Simulation
Completed One Simulation
Completed One Simulation
Completed One Simulation
Completed One Simulation
Completed One Simulation
Completed One Simulation
Completed One Simulation
Completed One Simulation
Completed One Simulation
Completed One Simulation
Completed One Simulation
Completed One Simulation
Completed One Simulation
Completed One Simulation
Completed One Simulation
Completed One Simulation
Completed One Simulation
Completed One Simulation
Completed One Simulation
Completed One Simulation
Completed One Simulation
Completed One Simulation
Completed One Simulation
Completed One Simulation
Completed One Simulation
Completed One Simulation
Completed One Simulation
Completed One Simulation
Completed One Simulation
Completed One Simulation
Completed One Simulation
Completed One Simulation
Completed One Simulation
Completed One Simulation
Completed One Simulation
Completed One Simulation
Completed One Simulation
Completed One Simulation
Completed One Simulation
Completed One Simulation
Completed One Simulation
Completed One Simulation
Completed One Simulation
Completed One Simulation
Completed One Simulation
Completed One Simulation
Completed One Simulation
Completed One Simulation
Completed One Simulation
Completed One Simulation
Completed One Simulation
Completed One Simulation
Completed One Simulation
Completed One Simulation
Completed One Simulation
Completed One Simulation
Completed One Simulation
Completed One Simulation
Completed One Simulation
Completed One Simulation
Completed One Simulation
Completed One Simulation
Completed One Simulation
Completed One Simulation
Completed One Simulation
Completed One Simulation
Completed One Simulation
Completed One Simulation
Completed One Simulation
Completed One Simulation
Completed One Simulation
Completed One Simulation
Completed One Simulation
Completed One Simulation
Completed One Simulation
Completed One Simulation
Completed One Simulation
Completed One Simulation
Completed One Simulation
Completed One Simulation
Completed One Simulation
Completed One Simulation
Completed One Simulation
Completed One Simulation
Completed One Simulation
Completed One Simulation
Completed One Simulation
Completed One Simulation
Completed One Simulation
Completed One Simulation
Completed One Simulation
Completed One Simulation
Completed One Simulation
Completed One Simulation
Completed One Simulation
Completed One Simulation
********************
Simulations complete:
********************
output file: xSITA_results_2_10_1000_nu_1
Time elapsed:
     user    system   elapsed 
29479.123    31.274 40585.588 
29479.12331.27440585.58800
********************
[1] 1
There were 50 or more warnings (use warnings() to see the first 50)
